{"name": "Проверка раздела «Лента заказов»", "status": "broken", "statusDetails": {"message": "selenium.common.exceptions.ElementClickInterceptedException: Message: Element <a class=\"AppHeader_header__link__3D_hX\" href=\"/feed\"> is not clickable at point (598,44) because another element <div class=\"Modal_modal_overlay__x2ZCr\"> obscures it\nStacktrace:\nRemoteError@chrome://remote/content/shared/RemoteError.sys.mjs:8:8\nWebDriverError@chrome://remote/content/shared/webdriver/Errors.sys.mjs:193:5\nElementClickInterceptedError@chrome://remote/content/shared/webdriver/Errors.sys.mjs:337:5\nwebdriverClickElement@chrome://remote/content/marionette/interaction.sys.mjs:176:11\ninteraction.clickElement@chrome://remote/content/marionette/interaction.sys.mjs:135:11\nclickElement@chrome://remote/content/marionette/actors/MarionetteCommandsChild.sys.mjs:204:29\nreceiveMessage@chrome://remote/content/marionette/actors/MarionetteCommandsChild.sys.mjs:84:31", "trace": "tests\\test_order_page.py:34: in test_counter_all_time_increased_after_new_order\n    main_page.click_on_orders_feed()\n        driver     = <selenium.webdriver.firefox.webdriver.WebDriver (session=\"1cb5c67e-7e29-402f-a4bb-c5adb99925ad\")>\n        login      = None\n        main_page  = <pages.main_page.MainPage object at 0x000001F05BF9DBE0>\n        self       = <tests.test_order_page.TestOrderFeed object at 0x000001F05B54B890>\npages\\main_page.py:21: in click_on_orders_feed\n    self.click_on_element(MainPageLocators.ORDERS_FEED_BUTTON)\n        self       = <pages.main_page.MainPage object at 0x000001F05BF9DBE0>\npages\\base_page.py:17: in click_on_element\n    self.driver.find_element(*locator).click()\n        locator    = ('link text', 'Лента Заказов')\n        self       = <pages.main_page.MainPage object at 0x000001F05BF9DBE0>\nC:\\Users\\ilme5\\AppData\\Local\\Programs\\Python\\Python312\\Lib\\site-packages\\selenium\\webdriver\\remote\\webelement.py:94: in click\n    self._execute(Command.CLICK_ELEMENT)\n        self       = <selenium.webdriver.remote.webelement.WebElement (session=\"1cb5c67e-7e29-402f-a4bb-c5adb99925ad\", element=\"7b87ebe7-9138-47f6-a32a-361c0557788c\")>\nC:\\Users\\ilme5\\AppData\\Local\\Programs\\Python\\Python312\\Lib\\site-packages\\selenium\\webdriver\\remote\\webelement.py:395: in _execute\n    return self._parent.execute(command, params)\n        command    = 'clickElement'\n        params     = {'id': '7b87ebe7-9138-47f6-a32a-361c0557788c'}\n        self       = <selenium.webdriver.remote.webelement.WebElement (session=\"1cb5c67e-7e29-402f-a4bb-c5adb99925ad\", element=\"7b87ebe7-9138-47f6-a32a-361c0557788c\")>\nC:\\Users\\ilme5\\AppData\\Local\\Programs\\Python\\Python312\\Lib\\site-packages\\selenium\\webdriver\\remote\\webdriver.py:354: in execute\n    self.error_handler.check_response(response)\n        driver_command = 'clickElement'\n        params     = {}\n        response   = {'status': 400,\n 'value': '{\"value\":{\"error\":\"element click intercepted\",\"message\":\"Element <a '\n          'class=\\\\\"AppHeader_header__link__3D_hX\\\\\" href=\\\\\"/feed\\\\\"> is not '\n          'clickable at point (598,44) because another element <div '\n          'class=\\\\\"Modal_modal_overlay__x2ZCr\\\\\"> obscures '\n          'it\",\"stacktrace\":\"RemoteError@chrome://remote/content/shared/RemoteError.sys.mjs:8:8\\\\nWebDriverError@chrome://remote/content/shared/webdriver/Errors.sys.mjs:193:5\\\\nElementClickInterceptedError@chrome://remote/content/shared/webdriver/Errors.sys.mjs:337:5\\\\nwebdriverClickElement@chrome://remote/content/marionette/interaction.sys.mjs:176:11\\\\ninteraction.clickElement@chrome://remote/content/marionette/interaction.sys.mjs:135:11\\\\nclickElement@chrome://remote/content/marionette/actors/MarionetteCommandsChild.sys.mjs:204:29\\\\nreceiveMessage@chrome://remote/content/marionette/actors/MarionetteCommandsChild.sys.mjs:84:31\\\\n\"}}'}\n        self       = <selenium.webdriver.firefox.webdriver.WebDriver (session=\"1cb5c67e-7e29-402f-a4bb-c5adb99925ad\")>\nC:\\Users\\ilme5\\AppData\\Local\\Programs\\Python\\Python312\\Lib\\site-packages\\selenium\\webdriver\\remote\\errorhandler.py:229: in check_response\n    raise exception_class(message, screen, stacktrace)\nE   selenium.common.exceptions.ElementClickInterceptedException: Message: Element <a class=\"AppHeader_header__link__3D_hX\" href=\"/feed\"> is not clickable at point (598,44) because another element <div class=\"Modal_modal_overlay__x2ZCr\"> obscures it\nE   Stacktrace:\nE   RemoteError@chrome://remote/content/shared/RemoteError.sys.mjs:8:8\nE   WebDriverError@chrome://remote/content/shared/webdriver/Errors.sys.mjs:193:5\nE   ElementClickInterceptedError@chrome://remote/content/shared/webdriver/Errors.sys.mjs:337:5\nE   webdriverClickElement@chrome://remote/content/marionette/interaction.sys.mjs:176:11\nE   interaction.clickElement@chrome://remote/content/marionette/interaction.sys.mjs:135:11\nE   clickElement@chrome://remote/content/marionette/actors/MarionetteCommandsChild.sys.mjs:204:29\nE   receiveMessage@chrome://remote/content/marionette/actors/MarionetteCommandsChild.sys.mjs:84:31\n        e          = <selenium.webdriver.remote.errorhandler.ErrorCode object at 0x000001F05B63ED20>\n        error_code = 'ELEMENT_CLICK_INTERCEPTED'\n        error_codes = ['ELEMENT_CLICK_INTERCEPTED',\n 'ELEMENT_IS_NOT_SELECTABLE',\n 'ELEMENT_NOT_INTERACTABLE',\n 'ELEMENT_NOT_VISIBLE',\n 'IME_ENGINE_ACTIVATION_FAILED',\n 'IME_NOT_AVAILABLE',\n 'INSECURE_CERTIFICATE',\n 'INVALID_ARGUMENT',\n 'INVALID_COOKIE_DOMAIN',\n 'INVALID_COORDINATES',\n 'INVALID_ELEMENT_COORDINATES',\n 'INVALID_ELEMENT_STATE',\n 'INVALID_SELECTOR',\n 'INVALID_SESSION_ID',\n 'INVALID_XPATH_SELECTOR',\n 'INVALID_XPATH_SELECTOR_RETURN_TYPER',\n 'JAVASCRIPT_ERROR',\n 'METHOD_NOT_ALLOWED',\n 'MOVE_TARGET_OUT_OF_BOUNDS',\n 'NO_ALERT_OPEN',\n 'NO_SUCH_COOKIE',\n 'NO_SUCH_ELEMENT',\n 'NO_SUCH_FRAME',\n 'NO_SUCH_SHADOW_ROOT',\n 'NO_SUCH_WINDOW',\n 'SCRIPT_TIMEOUT',\n 'SESSION_NOT_CREATED',\n 'STALE_ELEMENT_REFERENCE',\n 'SUCCESS',\n 'TIMEOUT',\n 'UNABLE_TO_CAPTURE_SCREEN',\n 'UNABLE_TO_SET_COOKIE',\n 'UNEXPECTED_ALERT_OPEN',\n 'UNKNOWN_COMMAND',\n 'UNKNOWN_ERROR',\n 'UNKNOWN_METHOD',\n 'XPATH_LOOKUP_ERROR']\n        error_info = [64, 'element click intercepted']\n        exception_class = <class 'selenium.common.exceptions.ElementClickInterceptedException'>\n        json       = <module 'json' from 'C:\\\\Users\\\\ilme5\\\\AppData\\\\Local\\\\Programs\\\\Python\\\\Python312\\\\Lib\\\\json\\\\__init__.py'>\n        message    = ('Element <a class=\"AppHeader_header__link__3D_hX\" href=\"/feed\"> is not '\n 'clickable at point (598,44) because another element <div '\n 'class=\"Modal_modal_overlay__x2ZCr\"> obscures it')\n        response   = {'status': 400,\n 'value': '{\"value\":{\"error\":\"element click intercepted\",\"message\":\"Element <a '\n          'class=\\\\\"AppHeader_header__link__3D_hX\\\\\" href=\\\\\"/feed\\\\\"> is not '\n          'clickable at point (598,44) because another element <div '\n          'class=\\\\\"Modal_modal_overlay__x2ZCr\\\\\"> obscures '\n          'it\",\"stacktrace\":\"RemoteError@chrome://remote/content/shared/RemoteError.sys.mjs:8:8\\\\nWebDriverError@chrome://remote/content/shared/webdriver/Errors.sys.mjs:193:5\\\\nElementClickInterceptedError@chrome://remote/content/shared/webdriver/Errors.sys.mjs:337:5\\\\nwebdriverClickElement@chrome://remote/content/marionette/interaction.sys.mjs:176:11\\\\ninteraction.clickElement@chrome://remote/content/marionette/interaction.sys.mjs:135:11\\\\nclickElement@chrome://remote/content/marionette/actors/MarionetteCommandsChild.sys.mjs:204:29\\\\nreceiveMessage@chrome://remote/content/marionette/actors/MarionetteCommandsChild.sys.mjs:84:31\\\\n\"}}'}\n        screen     = None\n        self       = <selenium.webdriver.remote.errorhandler.ErrorHandler object at 0x000001F05B63E9C0>\n        st_value   = ('RemoteError@chrome://remote/content/shared/RemoteError.sys.mjs:8:8\\n'\n 'WebDriverError@chrome://remote/content/shared/webdriver/Errors.sys.mjs:193:5\\n'\n 'ElementClickInterceptedError@chrome://remote/content/shared/webdriver/Errors.sys.mjs:337:5\\n'\n 'webdriverClickElement@chrome://remote/content/marionette/interaction.sys.mjs:176:11\\n'\n 'interaction.clickElement@chrome://remote/content/marionette/interaction.sys.mjs:135:11\\n'\n 'clickElement@chrome://remote/content/marionette/actors/MarionetteCommandsChild.sys.mjs:204:29\\n'\n 'receiveMessage@chrome://remote/content/marionette/actors/MarionetteCommandsChild.sys.mjs:84:31\\n')\n        stacktrace = ['RemoteError@chrome://remote/content/shared/RemoteError.sys.mjs:8:8',\n 'WebDriverError@chrome://remote/content/shared/webdriver/Errors.sys.mjs:193:5',\n 'ElementClickInterceptedError@chrome://remote/content/shared/webdriver/Errors.sys.mjs:337:5',\n 'webdriverClickElement@chrome://remote/content/marionette/interaction.sys.mjs:176:11',\n 'interaction.clickElement@chrome://remote/content/marionette/interaction.sys.mjs:135:11',\n 'clickElement@chrome://remote/content/marionette/actors/MarionetteCommandsChild.sys.mjs:204:29',\n 'receiveMessage@chrome://remote/content/marionette/actors/MarionetteCommandsChild.sys.mjs:84:31',\n '']\n        status     = 'element click intercepted'\n        value      = {'error': 'element click intercepted',\n 'message': 'Element <a class=\"AppHeader_header__link__3D_hX\" href=\"/feed\"> is '\n            'not clickable at point (598,44) because another element <div '\n            'class=\"Modal_modal_overlay__x2ZCr\"> obscures it',\n 'stacktrace': 'RemoteError@chrome://remote/content/shared/RemoteError.sys.mjs:8:8\\n'\n               'WebDriverError@chrome://remote/content/shared/webdriver/Errors.sys.mjs:193:5\\n'\n               'ElementClickInterceptedError@chrome://remote/content/shared/webdriver/Errors.sys.mjs:337:5\\n'\n               'webdriverClickElement@chrome://remote/content/marionette/interaction.sys.mjs:176:11\\n'\n               'interaction.clickElement@chrome://remote/content/marionette/interaction.sys.mjs:135:11\\n'\n               'clickElement@chrome://remote/content/marionette/actors/MarionetteCommandsChild.sys.mjs:204:29\\n'\n               'receiveMessage@chrome://remote/content/marionette/actors/MarionetteCommandsChild.sys.mjs:84:31\\n'}\n        value_json = ('{\"value\":{\"error\":\"element click intercepted\",\"message\":\"Element <a '\n 'class=\\\\\"AppHeader_header__link__3D_hX\\\\\" href=\\\\\"/feed\\\\\"> is not clickable '\n 'at point (598,44) because another element <div '\n 'class=\\\\\"Modal_modal_overlay__x2ZCr\\\\\"> obscures '\n 'it\",\"stacktrace\":\"RemoteError@chrome://remote/content/shared/RemoteError.sys.mjs:8:8\\\\nWebDriverError@chrome://remote/content/shared/webdriver/Errors.sys.mjs:193:5\\\\nElementClickInterceptedError@chrome://remote/content/shared/webdriver/Errors.sys.mjs:337:5\\\\nwebdriverClickElement@chrome://remote/content/marionette/interaction.sys.mjs:176:11\\\\ninteraction.clickElement@chrome://remote/content/marionette/interaction.sys.mjs:135:11\\\\nclickElement@chrome://remote/content/marionette/actors/MarionetteCommandsChild.sys.mjs:204:29\\\\nreceiveMessage@chrome://remote/content/marionette/actors/MarionetteCommandsChild.sys.mjs:84:31\\\\n\"}}')"}, "description": "Проверка что при создании нового заказа счётчик Выполнено за всё время увеличивается", "steps": [{"name": "Нажатие на кнопку \"Лента заказов\"", "status": "broken", "statusDetails": {"message": "selenium.common.exceptions.ElementClickInterceptedException: Message: Element <a class=\"AppHeader_header__link__3D_hX\" href=\"/feed\"> is not clickable at point (598,44) because another element <div class=\"Modal_modal_overlay__x2ZCr\"> obscures it\nStacktrace:\nRemoteError@chrome://remote/content/shared/RemoteError.sys.mjs:8:8\nWebDriverError@chrome://remote/content/shared/webdriver/Errors.sys.mjs:193:5\nElementClickInterceptedError@chrome://remote/content/shared/webdriver/Errors.sys.mjs:337:5\nwebdriverClickElement@chrome://remote/content/marionette/interaction.sys.mjs:176:11\ninteraction.clickElement@chrome://remote/content/marionette/interaction.sys.mjs:135:11\nclickElement@chrome://remote/content/marionette/actors/MarionetteCommandsChild.sys.mjs:204:29\nreceiveMessage@chrome://remote/content/marionette/actors/MarionetteCommandsChild.sys.mjs:84:31\n\n", "trace": "  File \"C:\\Users\\ilme5\\AppData\\Local\\Programs\\Python\\Python312\\Lib\\site-packages\\allure_commons\\_allure.py\", line 192, in impl\n    return func(*a, **kw)\n           ^^^^^^^^^^^^^^\n  File \"C:\\Users\\ilme5\\OneDrive\\Рабочий стол\\учеба\\автоматизация\\Diplom\\Diplom_3\\pages\\main_page.py\", line 21, in click_on_orders_feed\n    self.click_on_element(MainPageLocators.ORDERS_FEED_BUTTON)\n  File \"C:\\Users\\ilme5\\OneDrive\\Рабочий стол\\учеба\\автоматизация\\Diplom\\Diplom_3\\pages\\base_page.py\", line 17, in click_on_element\n    self.driver.find_element(*locator).click()\n  File \"C:\\Users\\ilme5\\AppData\\Local\\Programs\\Python\\Python312\\Lib\\site-packages\\selenium\\webdriver\\remote\\webelement.py\", line 94, in click\n    self._execute(Command.CLICK_ELEMENT)\n  File \"C:\\Users\\ilme5\\AppData\\Local\\Programs\\Python\\Python312\\Lib\\site-packages\\selenium\\webdriver\\remote\\webelement.py\", line 395, in _execute\n    return self._parent.execute(command, params)\n           ^^^^^^^^^^^^^^^^^^^^^^^^^^^^^^^^^^^^^\n  File \"C:\\Users\\ilme5\\AppData\\Local\\Programs\\Python\\Python312\\Lib\\site-packages\\selenium\\webdriver\\remote\\webdriver.py\", line 354, in execute\n    self.error_handler.check_response(response)\n  File \"C:\\Users\\ilme5\\AppData\\Local\\Programs\\Python\\Python312\\Lib\\site-packages\\selenium\\webdriver\\remote\\errorhandler.py\", line 229, in check_response\n    raise exception_class(message, screen, stacktrace)\n"}, "start": 1719842530326, "stop": 1719842530365}], "attachments": [{"name": "log", "source": "c29663fa-bf94-4fe2-866e-f1a21fc32357-attachment.txt", "type": "text/plain"}], "parameters": [{"name": "driver", "value": "'firefox'"}], "start": 1719842530326, "stop": 1719842530366, "uuid": "3fb84c49-4f75-4708-a260-d997cc7aa881", "historyId": "d06427cc7dfb37c96a1100ff25535a45", "testCaseId": "6d10bc3ab14d779169822500c02bd8d1", "fullName": "tests.test_order_page.TestOrderFeed#test_counter_all_time_increased_after_new_order", "labels": [{"name": "parentSuite", "value": "tests"}, {"name": "suite", "value": "test_order_page"}, {"name": "subSuite", "value": "TestOrderFeed"}, {"name": "host", "value": "DESKTOP-8VJF26I"}, {"name": "thread", "value": "16068-MainThread"}, {"name": "framework", "value": "pytest"}, {"name": "language", "value": "cpython3"}, {"name": "package", "value": "tests.test_order_page"}]}