{"name": "Проверка раздела «Лента заказов»", "status": "broken", "statusDetails": {"message": "selenium.common.exceptions.ElementClickInterceptedException: Message: element click intercepted: Element <button type=\"button\" class=\"Modal_modal__close_modified__3V5XS Modal_modal__close__TnseK\">...</button> is not clickable at point (1258, 211). Other element would receive the click: <div class=\"Modal_modal_overlay__x2ZCr\"></div>\n  (Session info: chrome=126.0.6478.127)\nStacktrace:\n\tGetHandleVerifier [0x0044C1C3+27395]\n\t(No symbol) [0x003E3DC4]\n\t(No symbol) [0x002E1B7F]\n\t(No symbol) [0x00328C22]\n\t(No symbol) [0x00326FA8]\n\t(No symbol) [0x00324E2B]\n\t(No symbol) [0x003243D7]\n\t(No symbol) [0x0031918F]\n\t(No symbol) [0x0034399C]\n\t(No symbol) [0x00318C15]\n\t(No symbol) [0x00343C34]\n\t(No symbol) [0x0035CB24]\n\t(No symbol) [0x00343736]\n\t(No symbol) [0x00317541]\n\t(No symbol) [0x003180BD]\n\tGetHandleVerifier [0x00703A93+2876371]\n\tGetHandleVerifier [0x00757F5D+3221661]\n\tGetHandleVerifier [0x004CD634+556916]\n\tGetHandleVerifier [0x004D474C+585868]\n\t(No symbol) [0x003ECE04]\n\t(No symbol) [0x003E9818]\n\t(No symbol) [0x003E99B7]\n\t(No symbol) [0x003DBF0E]\n\tBaseThreadInitThunk [0x7570FCC9+25]\n\tRtlGetAppContainerNamedObjectPath [0x770680CE+286]\n\tRtlGetAppContainerNamedObjectPath [0x7706809E+238]", "trace": "tests\\test_order_page.py:65: in test_order_number_in_section_in_work\n    main_page.close_details_window()\n        driver     = <selenium.webdriver.chrome.webdriver.WebDriver (session=\"60ebff63e72c58b23d6f5ed6ced0b5d3\")>\n        login      = <selenium.webdriver.chrome.webdriver.WebDriver (session=\"60ebff63e72c58b23d6f5ed6ced0b5d3\")>\n        main_page  = <pages.main_page.MainPage object at 0x0000020020ABA8D0>\n        order_number = <selenium.webdriver.remote.webelement.WebElement (session=\"60ebff63e72c58b23d6f5ed6ced0b5d3\", element=\"f.7AC14D150E09D56838F41C5042F524A0.d.D8A2C3297B5E93A0EC36EF3494218025.e.86\")>\n        self       = <tests.test_order_page.TestOrderFeed object at 0x00000200202EB680>\npages\\main_page.py:37: in close_details_window\n    self.click_on_element(MainPageLocators.CLOSE_BUTTON)\n        self       = <pages.main_page.MainPage object at 0x0000020020ABA8D0>\npages\\base_page.py:17: in click_on_element\n    self.driver.find_element(*locator).click()\n        locator    = ('xpath', \"(//button[@type='button'])[1]\")\n        self       = <pages.main_page.MainPage object at 0x0000020020ABA8D0>\nC:\\Users\\ilme5\\AppData\\Local\\Programs\\Python\\Python312\\Lib\\site-packages\\selenium\\webdriver\\remote\\webelement.py:94: in click\n    self._execute(Command.CLICK_ELEMENT)\n        self       = <selenium.webdriver.remote.webelement.WebElement (session=\"60ebff63e72c58b23d6f5ed6ced0b5d3\", element=\"f.7AC14D150E09D56838F41C5042F524A0.d.D8A2C3297B5E93A0EC36EF3494218025.e.88\")>\nC:\\Users\\ilme5\\AppData\\Local\\Programs\\Python\\Python312\\Lib\\site-packages\\selenium\\webdriver\\remote\\webelement.py:395: in _execute\n    return self._parent.execute(command, params)\n        command    = 'clickElement'\n        params     = {'id': 'f.7AC14D150E09D56838F41C5042F524A0.d.D8A2C3297B5E93A0EC36EF3494218025.e.88'}\n        self       = <selenium.webdriver.remote.webelement.WebElement (session=\"60ebff63e72c58b23d6f5ed6ced0b5d3\", element=\"f.7AC14D150E09D56838F41C5042F524A0.d.D8A2C3297B5E93A0EC36EF3494218025.e.88\")>\nC:\\Users\\ilme5\\AppData\\Local\\Programs\\Python\\Python312\\Lib\\site-packages\\selenium\\webdriver\\remote\\webdriver.py:354: in execute\n    self.error_handler.check_response(response)\n        driver_command = 'clickElement'\n        params     = {}\n        response   = {'status': 400,\n 'value': '{\"value\":{\"error\":\"element click intercepted\",\"message\":\"element '\n          'click intercepted: Element \\\\u003Cbutton type=\\\\\"button\\\\\" '\n          'class=\\\\\"Modal_modal__close_modified__3V5XS '\n          'Modal_modal__close__TnseK\\\\\">...\\\\u003C/button> is not clickable at '\n          'point (1258, 211). Other element would receive the click: '\n          '\\\\u003Cdiv class=\\\\\"Modal_modal_overlay__x2ZCr\\\\\">\\\\u003C/div>\\\\n  '\n          '(Session info: '\n          'chrome=126.0.6478.127)\",\"stacktrace\":\"\\\\tGetHandleVerifier '\n          '[0x0044C1C3+27395]\\\\n\\\\t(No symbol) [0x003E3DC4]\\\\n\\\\t(No symbol) '\n          '[0x002E1B7F]\\\\n\\\\t(No symbol) [0x00328C22]\\\\n\\\\t(No symbol) '\n          '[0x00326FA8]\\\\n\\\\t(No symbol) [0x00324E2B]\\\\n\\\\t(No symbol) '\n          '[0x003243D7]\\\\n\\\\t(No symbol) [0x0031918F]\\\\n\\\\t(No symbol) '\n          '[0x0034399C]\\\\n\\\\t(No symbol) [0x00318C15]\\\\n\\\\t(No symbol) '\n          '[0x00343C34]\\\\n\\\\t(No symbol) [0x0035CB24]\\\\n\\\\t(No symbol) '\n          '[0x00343736]\\\\n\\\\t(No symbol) [0x00317541]\\\\n\\\\t(No symbol) '\n          '[0x003180BD]\\\\n\\\\tGetHandleVerifier '\n          '[0x00703A93+2876371]\\\\n\\\\tGetHandleVerifier '\n          '[0x00757F5D+3221661]\\\\n\\\\tGetHandleVerifier '\n          '[0x004CD634+556916]\\\\n\\\\tGetHandleVerifier '\n          '[0x004D474C+585868]\\\\n\\\\t(No symbol) [0x003ECE04]\\\\n\\\\t(No symbol) '\n          '[0x003E9818]\\\\n\\\\t(No symbol) [0x003E99B7]\\\\n\\\\t(No symbol) '\n          '[0x003DBF0E]\\\\n\\\\tBaseThreadInitThunk '\n          '[0x7570FCC9+25]\\\\n\\\\tRtlGetAppContainerNamedObjectPath '\n          '[0x770680CE+286]\\\\n\\\\tRtlGetAppContainerNamedObjectPath '\n          '[0x7706809E+238]\\\\n\"}}'}\n        self       = <selenium.webdriver.chrome.webdriver.WebDriver (session=\"60ebff63e72c58b23d6f5ed6ced0b5d3\")>\nC:\\Users\\ilme5\\AppData\\Local\\Programs\\Python\\Python312\\Lib\\site-packages\\selenium\\webdriver\\remote\\errorhandler.py:229: in check_response\n    raise exception_class(message, screen, stacktrace)\nE   selenium.common.exceptions.ElementClickInterceptedException: Message: element click intercepted: Element <button type=\"button\" class=\"Modal_modal__close_modified__3V5XS Modal_modal__close__TnseK\">...</button> is not clickable at point (1258, 211). Other element would receive the click: <div class=\"Modal_modal_overlay__x2ZCr\"></div>\nE     (Session info: chrome=126.0.6478.127)\nE   Stacktrace:\nE   \tGetHandleVerifier [0x0044C1C3+27395]\nE   \t(No symbol) [0x003E3DC4]\nE   \t(No symbol) [0x002E1B7F]\nE   \t(No symbol) [0x00328C22]\nE   \t(No symbol) [0x00326FA8]\nE   \t(No symbol) [0x00324E2B]\nE   \t(No symbol) [0x003243D7]\nE   \t(No symbol) [0x0031918F]\nE   \t(No symbol) [0x0034399C]\nE   \t(No symbol) [0x00318C15]\nE   \t(No symbol) [0x00343C34]\nE   \t(No symbol) [0x0035CB24]\nE   \t(No symbol) [0x00343736]\nE   \t(No symbol) [0x00317541]\nE   \t(No symbol) [0x003180BD]\nE   \tGetHandleVerifier [0x00703A93+2876371]\nE   \tGetHandleVerifier [0x00757F5D+3221661]\nE   \tGetHandleVerifier [0x004CD634+556916]\nE   \tGetHandleVerifier [0x004D474C+585868]\nE   \t(No symbol) [0x003ECE04]\nE   \t(No symbol) [0x003E9818]\nE   \t(No symbol) [0x003E99B7]\nE   \t(No symbol) [0x003DBF0E]\nE   \tBaseThreadInitThunk [0x7570FCC9+25]\nE   \tRtlGetAppContainerNamedObjectPath [0x770680CE+286]\nE   \tRtlGetAppContainerNamedObjectPath [0x7706809E+238]\n        e          = <selenium.webdriver.remote.errorhandler.ErrorCode object at 0x00000200203DA6C0>\n        error_code = 'ELEMENT_CLICK_INTERCEPTED'\n        error_codes = ['ELEMENT_CLICK_INTERCEPTED',\n 'ELEMENT_IS_NOT_SELECTABLE',\n 'ELEMENT_NOT_INTERACTABLE',\n 'ELEMENT_NOT_VISIBLE',\n 'IME_ENGINE_ACTIVATION_FAILED',\n 'IME_NOT_AVAILABLE',\n 'INSECURE_CERTIFICATE',\n 'INVALID_ARGUMENT',\n 'INVALID_COOKIE_DOMAIN',\n 'INVALID_COORDINATES',\n 'INVALID_ELEMENT_COORDINATES',\n 'INVALID_ELEMENT_STATE',\n 'INVALID_SELECTOR',\n 'INVALID_SESSION_ID',\n 'INVALID_XPATH_SELECTOR',\n 'INVALID_XPATH_SELECTOR_RETURN_TYPER',\n 'JAVASCRIPT_ERROR',\n 'METHOD_NOT_ALLOWED',\n 'MOVE_TARGET_OUT_OF_BOUNDS',\n 'NO_ALERT_OPEN',\n 'NO_SUCH_COOKIE',\n 'NO_SUCH_ELEMENT',\n 'NO_SUCH_FRAME',\n 'NO_SUCH_SHADOW_ROOT',\n 'NO_SUCH_WINDOW',\n 'SCRIPT_TIMEOUT',\n 'SESSION_NOT_CREATED',\n 'STALE_ELEMENT_REFERENCE',\n 'SUCCESS',\n 'TIMEOUT',\n 'UNABLE_TO_CAPTURE_SCREEN',\n 'UNABLE_TO_SET_COOKIE',\n 'UNEXPECTED_ALERT_OPEN',\n 'UNKNOWN_COMMAND',\n 'UNKNOWN_ERROR',\n 'UNKNOWN_METHOD',\n 'XPATH_LOOKUP_ERROR']\n        error_info = [64, 'element click intercepted']\n        exception_class = <class 'selenium.common.exceptions.ElementClickInterceptedException'>\n        json       = <module 'json' from 'C:\\\\Users\\\\ilme5\\\\AppData\\\\Local\\\\Programs\\\\Python\\\\Python312\\\\Lib\\\\json\\\\__init__.py'>\n        message    = ('element click intercepted: Element <button type=\"button\" '\n 'class=\"Modal_modal__close_modified__3V5XS '\n 'Modal_modal__close__TnseK\">...</button> is not clickable at point (1258, '\n '211). Other element would receive the click: <div '\n 'class=\"Modal_modal_overlay__x2ZCr\"></div>\\n'\n '  (Session info: chrome=126.0.6478.127)')\n        response   = {'status': 400,\n 'value': '{\"value\":{\"error\":\"element click intercepted\",\"message\":\"element '\n          'click intercepted: Element \\\\u003Cbutton type=\\\\\"button\\\\\" '\n          'class=\\\\\"Modal_modal__close_modified__3V5XS '\n          'Modal_modal__close__TnseK\\\\\">...\\\\u003C/button> is not clickable at '\n          'point (1258, 211). Other element would receive the click: '\n          '\\\\u003Cdiv class=\\\\\"Modal_modal_overlay__x2ZCr\\\\\">\\\\u003C/div>\\\\n  '\n          '(Session info: '\n          'chrome=126.0.6478.127)\",\"stacktrace\":\"\\\\tGetHandleVerifier '\n          '[0x0044C1C3+27395]\\\\n\\\\t(No symbol) [0x003E3DC4]\\\\n\\\\t(No symbol) '\n          '[0x002E1B7F]\\\\n\\\\t(No symbol) [0x00328C22]\\\\n\\\\t(No symbol) '\n          '[0x00326FA8]\\\\n\\\\t(No symbol) [0x00324E2B]\\\\n\\\\t(No symbol) '\n          '[0x003243D7]\\\\n\\\\t(No symbol) [0x0031918F]\\\\n\\\\t(No symbol) '\n          '[0x0034399C]\\\\n\\\\t(No symbol) [0x00318C15]\\\\n\\\\t(No symbol) '\n          '[0x00343C34]\\\\n\\\\t(No symbol) [0x0035CB24]\\\\n\\\\t(No symbol) '\n          '[0x00343736]\\\\n\\\\t(No symbol) [0x00317541]\\\\n\\\\t(No symbol) '\n          '[0x003180BD]\\\\n\\\\tGetHandleVerifier '\n          '[0x00703A93+2876371]\\\\n\\\\tGetHandleVerifier '\n          '[0x00757F5D+3221661]\\\\n\\\\tGetHandleVerifier '\n          '[0x004CD634+556916]\\\\n\\\\tGetHandleVerifier '\n          '[0x004D474C+585868]\\\\n\\\\t(No symbol) [0x003ECE04]\\\\n\\\\t(No symbol) '\n          '[0x003E9818]\\\\n\\\\t(No symbol) [0x003E99B7]\\\\n\\\\t(No symbol) '\n          '[0x003DBF0E]\\\\n\\\\tBaseThreadInitThunk '\n          '[0x7570FCC9+25]\\\\n\\\\tRtlGetAppContainerNamedObjectPath '\n          '[0x770680CE+286]\\\\n\\\\tRtlGetAppContainerNamedObjectPath '\n          '[0x7706809E+238]\\\\n\"}}'}\n        screen     = None\n        self       = <selenium.webdriver.remote.errorhandler.ErrorHandler object at 0x0000020020ABB620>\n        st_value   = ('\\tGetHandleVerifier [0x0044C1C3+27395]\\n'\n '\\t(No symbol) [0x003E3DC4]\\n'\n '\\t(No symbol) [0x002E1B7F]\\n'\n '\\t(No symbol) [0x00328C22]\\n'\n '\\t(No symbol) [0x00326FA8]\\n'\n '\\t(No symbol) [0x00324E2B]\\n'\n '\\t(No symbol) [0x003243D7]\\n'\n '\\t(No symbol) [0x0031918F]\\n'\n '\\t(No symbol) [0x0034399C]\\n'\n '\\t(No symbol) [0x00318C15]\\n'\n '\\t(No symbol) [0x00343C34]\\n'\n '\\t(No symbol) [0x0035CB24]\\n'\n '\\t(No symbol) [0x00343736]\\n'\n '\\t(No symbol) [0x00317541]\\n'\n '\\t(No symbol) [0x003180BD]\\n'\n '\\tGetHandleVerifier [0x00703A93+2876371]\\n'\n '\\tGetHandleVerifier [0x00757F5D+3221661]\\n'\n '\\tGetHandleVerifier [0x004CD634+556916]\\n'\n '\\tGetHandleVerifier [0x004D474C+585868]\\n'\n '\\t(No symbol) [0x003ECE04]\\n'\n '\\t(No symbol) [0x003E9818]\\n'\n '\\t(No symbol) [0x003E99B7]\\n'\n '\\t(No symbol) [0x003DBF0E]\\n'\n '\\tBaseThreadInitThunk [0x7570FCC9+25]\\n'\n '\\tRtlGetAppContainerNamedObjectPath [0x770680CE+286]\\n'\n '\\tRtlGetAppContainerNamedObjectPath [0x7706809E+238]\\n')\n        stacktrace = ['\\tGetHandleVerifier [0x0044C1C3+27395]',\n '\\t(No symbol) [0x003E3DC4]',\n '\\t(No symbol) [0x002E1B7F]',\n '\\t(No symbol) [0x00328C22]',\n '\\t(No symbol) [0x00326FA8]',\n '\\t(No symbol) [0x00324E2B]',\n '\\t(No symbol) [0x003243D7]',\n '\\t(No symbol) [0x0031918F]',\n '\\t(No symbol) [0x0034399C]',\n '\\t(No symbol) [0x00318C15]',\n '\\t(No symbol) [0x00343C34]',\n '\\t(No symbol) [0x0035CB24]',\n '\\t(No symbol) [0x00343736]',\n '\\t(No symbol) [0x00317541]',\n '\\t(No symbol) [0x003180BD]',\n '\\tGetHandleVerifier [0x00703A93+2876371]',\n '\\tGetHandleVerifier [0x00757F5D+3221661]',\n '\\tGetHandleVerifier [0x004CD634+556916]',\n '\\tGetHandleVerifier [0x004D474C+585868]',\n '\\t(No symbol) [0x003ECE04]',\n '\\t(No symbol) [0x003E9818]',\n '\\t(No symbol) [0x003E99B7]',\n '\\t(No symbol) [0x003DBF0E]',\n '\\tBaseThreadInitThunk [0x7570FCC9+25]',\n '\\tRtlGetAppContainerNamedObjectPath [0x770680CE+286]',\n '\\tRtlGetAppContainerNamedObjectPath [0x7706809E+238]',\n '']\n        status     = 'element click intercepted'\n        value      = {'error': 'element click intercepted',\n 'message': 'element click intercepted: Element <button type=\"button\" '\n            'class=\"Modal_modal__close_modified__3V5XS '\n            'Modal_modal__close__TnseK\">...</button> is not clickable at point '\n            '(1258, 211). Other element would receive the click: <div '\n            'class=\"Modal_modal_overlay__x2ZCr\"></div>\\n'\n            '  (Session info: chrome=126.0.6478.127)',\n 'stacktrace': '\\tGetHandleVerifier [0x0044C1C3+27395]\\n'\n               '\\t(No symbol) [0x003E3DC4]\\n'\n               '\\t(No symbol) [0x002E1B7F]\\n'\n               '\\t(No symbol) [0x00328C22]\\n'\n               '\\t(No symbol) [0x00326FA8]\\n'\n               '\\t(No symbol) [0x00324E2B]\\n'\n               '\\t(No symbol) [0x003243D7]\\n'\n               '\\t(No symbol) [0x0031918F]\\n'\n               '\\t(No symbol) [0x0034399C]\\n'\n               '\\t(No symbol) [0x00318C15]\\n'\n               '\\t(No symbol) [0x00343C34]\\n'\n               '\\t(No symbol) [0x0035CB24]\\n'\n               '\\t(No symbol) [0x00343736]\\n'\n               '\\t(No symbol) [0x00317541]\\n'\n               '\\t(No symbol) [0x003180BD]\\n'\n               '\\tGetHandleVerifier [0x00703A93+2876371]\\n'\n               '\\tGetHandleVerifier [0x00757F5D+3221661]\\n'\n               '\\tGetHandleVerifier [0x004CD634+556916]\\n'\n               '\\tGetHandleVerifier [0x004D474C+585868]\\n'\n               '\\t(No symbol) [0x003ECE04]\\n'\n               '\\t(No symbol) [0x003E9818]\\n'\n               '\\t(No symbol) [0x003E99B7]\\n'\n               '\\t(No symbol) [0x003DBF0E]\\n'\n               '\\tBaseThreadInitThunk [0x7570FCC9+25]\\n'\n               '\\tRtlGetAppContainerNamedObjectPath [0x770680CE+286]\\n'\n               '\\tRtlGetAppContainerNamedObjectPath [0x7706809E+238]\\n'}\n        value_json = ('{\"value\":{\"error\":\"element click intercepted\",\"message\":\"element click '\n 'intercepted: Element \\\\u003Cbutton type=\\\\\"button\\\\\" '\n 'class=\\\\\"Modal_modal__close_modified__3V5XS '\n 'Modal_modal__close__TnseK\\\\\">...\\\\u003C/button> is not clickable at point '\n '(1258, 211). Other element would receive the click: \\\\u003Cdiv '\n 'class=\\\\\"Modal_modal_overlay__x2ZCr\\\\\">\\\\u003C/div>\\\\n  (Session info: '\n 'chrome=126.0.6478.127)\",\"stacktrace\":\"\\\\tGetHandleVerifier '\n '[0x0044C1C3+27395]\\\\n\\\\t(No symbol) [0x003E3DC4]\\\\n\\\\t(No symbol) '\n '[0x002E1B7F]\\\\n\\\\t(No symbol) [0x00328C22]\\\\n\\\\t(No symbol) '\n '[0x00326FA8]\\\\n\\\\t(No symbol) [0x00324E2B]\\\\n\\\\t(No symbol) '\n '[0x003243D7]\\\\n\\\\t(No symbol) [0x0031918F]\\\\n\\\\t(No symbol) '\n '[0x0034399C]\\\\n\\\\t(No symbol) [0x00318C15]\\\\n\\\\t(No symbol) '\n '[0x00343C34]\\\\n\\\\t(No symbol) [0x0035CB24]\\\\n\\\\t(No symbol) '\n '[0x00343736]\\\\n\\\\t(No symbol) [0x00317541]\\\\n\\\\t(No symbol) '\n '[0x003180BD]\\\\n\\\\tGetHandleVerifier '\n '[0x00703A93+2876371]\\\\n\\\\tGetHandleVerifier '\n '[0x00757F5D+3221661]\\\\n\\\\tGetHandleVerifier '\n '[0x004CD634+556916]\\\\n\\\\tGetHandleVerifier [0x004D474C+585868]\\\\n\\\\t(No '\n 'symbol) [0x003ECE04]\\\\n\\\\t(No symbol) [0x003E9818]\\\\n\\\\t(No symbol) '\n '[0x003E99B7]\\\\n\\\\t(No symbol) [0x003DBF0E]\\\\n\\\\tBaseThreadInitThunk '\n '[0x7570FCC9+25]\\\\n\\\\tRtlGetAppContainerNamedObjectPath '\n '[0x770680CE+286]\\\\n\\\\tRtlGetAppContainerNamedObjectPath '\n '[0x7706809E+238]\\\\n\"}}')"}, "description": "Проверка что после оформления заказа его номер появляется в разделе В работе", "steps": [{"name": "Добавление ингредиента в заказ", "status": "passed", "start": 1719579306307, "stop": 1719579307378}, {"name": "Нажатие на кнопку \"Оформить заказ\"", "status": "passed", "start": 1719579307378, "stop": 1719579307420}, {"name": "Получение номера заказа в всплывающем окне после оформления заказа", "status": "passed", "start": 1719579307420, "stop": 1719579307439}, {"name": "Закрытие всплывающего окно с деталями об ингредиенте", "status": "broken", "statusDetails": {"message": "selenium.common.exceptions.ElementClickInterceptedException: Message: element click intercepted: Element <button type=\"button\" class=\"Modal_modal__close_modified__3V5XS Modal_modal__close__TnseK\">...</button> is not clickable at point (1258, 211). Other element would receive the click: <div class=\"Modal_modal_overlay__x2ZCr\"></div>\n  (Session info: chrome=126.0.6478.127)\nStacktrace:\n\tGetHandleVerifier [0x0044C1C3+27395]\n\t(No symbol) [0x003E3DC4]\n\t(No symbol) [0x002E1B7F]\n\t(No symbol) [0x00328C22]\n\t(No symbol) [0x00326FA8]\n\t(No symbol) [0x00324E2B]\n\t(No symbol) [0x003243D7]\n\t(No symbol) [0x0031918F]\n\t(No symbol) [0x0034399C]\n\t(No symbol) [0x00318C15]\n\t(No symbol) [0x00343C34]\n\t(No symbol) [0x0035CB24]\n\t(No symbol) [0x00343736]\n\t(No symbol) [0x00317541]\n\t(No symbol) [0x003180BD]\n\tGetHandleVerifier [0x00703A93+2876371]\n\tGetHandleVerifier [0x00757F5D+3221661]\n\tGetHandleVerifier [0x004CD634+556916]\n\tGetHandleVerifier [0x004D474C+585868]\n\t(No symbol) [0x003ECE04]\n\t(No symbol) [0x003E9818]\n\t(No symbol) [0x003E99B7]\n\t(No symbol) [0x003DBF0E]\n\tBaseThreadInitThunk [0x7570FCC9+25]\n\tRtlGetAppContainerNamedObjectPath [0x770680CE+286]\n\tRtlGetAppContainerNamedObjectPath [0x7706809E+238]\n\n", "trace": "  File \"C:\\Users\\ilme5\\AppData\\Local\\Programs\\Python\\Python312\\Lib\\site-packages\\allure_commons\\_allure.py\", line 192, in impl\n    return func(*a, **kw)\n           ^^^^^^^^^^^^^^\n  File \"C:\\Users\\ilme5\\OneDrive\\Рабочий стол\\учеба\\автоматизация\\Diplom\\Diplom_3\\pages\\main_page.py\", line 37, in close_details_window\n    self.click_on_element(MainPageLocators.CLOSE_BUTTON)\n  File \"C:\\Users\\ilme5\\OneDrive\\Рабочий стол\\учеба\\автоматизация\\Diplom\\Diplom_3\\pages\\base_page.py\", line 17, in click_on_element\n    self.driver.find_element(*locator).click()\n  File \"C:\\Users\\ilme5\\AppData\\Local\\Programs\\Python\\Python312\\Lib\\site-packages\\selenium\\webdriver\\remote\\webelement.py\", line 94, in click\n    self._execute(Command.CLICK_ELEMENT)\n  File \"C:\\Users\\ilme5\\AppData\\Local\\Programs\\Python\\Python312\\Lib\\site-packages\\selenium\\webdriver\\remote\\webelement.py\", line 395, in _execute\n    return self._parent.execute(command, params)\n           ^^^^^^^^^^^^^^^^^^^^^^^^^^^^^^^^^^^^^\n  File \"C:\\Users\\ilme5\\AppData\\Local\\Programs\\Python\\Python312\\Lib\\site-packages\\selenium\\webdriver\\remote\\webdriver.py\", line 354, in execute\n    self.error_handler.check_response(response)\n  File \"C:\\Users\\ilme5\\AppData\\Local\\Programs\\Python\\Python312\\Lib\\site-packages\\selenium\\webdriver\\remote\\errorhandler.py\", line 229, in check_response\n    raise exception_class(message, screen, stacktrace)\n"}, "start": 1719579307439, "stop": 1719579308523}], "attachments": [{"name": "log", "source": "a5df10ab-11a7-489b-9185-08897813b608-attachment.txt", "type": "text/plain"}], "parameters": [{"name": "driver", "value": "'chrome'"}], "start": 1719579306307, "stop": 1719579308524, "uuid": "77127385-1bac-4a0a-98b6-d59d6bb3b3e6", "historyId": "bb102df542c44b33de5170d9198c4dff", "testCaseId": "81eb7fa9d6a21190c264dc92f3c40297", "fullName": "tests.test_order_page.TestOrderFeed#test_order_number_in_section_in_work", "labels": [{"name": "parentSuite", "value": "tests"}, {"name": "suite", "value": "test_order_page"}, {"name": "subSuite", "value": "TestOrderFeed"}, {"name": "host", "value": "DESKTOP-8VJF26I"}, {"name": "thread", "value": "11160-MainThread"}, {"name": "framework", "value": "pytest"}, {"name": "language", "value": "cpython3"}, {"name": "package", "value": "tests.test_order_page"}]}