{"name": "Проверка раздела «Лента заказов»", "status": "broken", "statusDetails": {"message": "selenium.common.exceptions.ElementClickInterceptedException: Message: element click intercepted: Element <button type=\"button\" class=\"Modal_modal__close_modified__3V5XS Modal_modal__close__TnseK\">...</button> is not clickable at point (1258, 211). Other element would receive the click: <div class=\"Modal_modal_overlay__x2ZCr\"></div>\n  (Session info: chrome=126.0.6478.127)\nStacktrace:\n\tGetHandleVerifier [0x0087C1C3+27395]\n\t(No symbol) [0x00813DC4]\n\t(No symbol) [0x00711B7F]\n\t(No symbol) [0x00758C22]\n\t(No symbol) [0x00756FA8]\n\t(No symbol) [0x00754E2B]\n\t(No symbol) [0x007543D7]\n\t(No symbol) [0x0074918F]\n\t(No symbol) [0x0077399C]\n\t(No symbol) [0x00748C15]\n\t(No symbol) [0x00773C34]\n\t(No symbol) [0x0078CB24]\n\t(No symbol) [0x00773736]\n\t(No symbol) [0x00747541]\n\t(No symbol) [0x007480BD]\n\tGetHandleVerifier [0x00B33A93+2876371]\n\tGetHandleVerifier [0x00B87F5D+3221661]\n\tGetHandleVerifier [0x008FD634+556916]\n\tGetHandleVerifier [0x0090474C+585868]\n\t(No symbol) [0x0081CE04]\n\t(No symbol) [0x00819818]\n\t(No symbol) [0x008199B7]\n\t(No symbol) [0x0080BF0E]\n\tBaseThreadInitThunk [0x751FFCC9+25]\n\tRtlGetAppContainerNamedObjectPath [0x772680CE+286]\n\tRtlGetAppContainerNamedObjectPath [0x7726809E+238]", "trace": "tests\\test_order_page.py:65: in test_order_number_in_section_in_work\n    main_page.close_details_window()\n        driver     = <selenium.webdriver.chrome.webdriver.WebDriver (session=\"14be0bdbd0d479bc7029dcc12f0f4a76\")>\n        login      = None\n        main_page  = <pages.main_page.MainPage object at 0x000001F05B6CB0E0>\n        order_number = <selenium.webdriver.remote.webelement.WebElement (session=\"14be0bdbd0d479bc7029dcc12f0f4a76\", element=\"f.BB7AE0BDA99D103FD9D8B2DBFA100DD2.d.B081763199C74E80A2908406B9A5A5A6.e.82\")>\n        self       = <tests.test_order_page.TestOrderFeed object at 0x000001F05B54BDD0>\npages\\main_page.py:37: in close_details_window\n    self.click_on_element(MainPageLocators.CLOSE_BUTTON)\n        self       = <pages.main_page.MainPage object at 0x000001F05B6CB0E0>\npages\\base_page.py:17: in click_on_element\n    self.driver.find_element(*locator).click()\n        locator    = ('xpath', \"(//button[@type='button'])[1]\")\n        self       = <pages.main_page.MainPage object at 0x000001F05B6CB0E0>\nC:\\Users\\ilme5\\AppData\\Local\\Programs\\Python\\Python312\\Lib\\site-packages\\selenium\\webdriver\\remote\\webelement.py:94: in click\n    self._execute(Command.CLICK_ELEMENT)\n        self       = <selenium.webdriver.remote.webelement.WebElement (session=\"14be0bdbd0d479bc7029dcc12f0f4a76\", element=\"f.BB7AE0BDA99D103FD9D8B2DBFA100DD2.d.B081763199C74E80A2908406B9A5A5A6.e.84\")>\nC:\\Users\\ilme5\\AppData\\Local\\Programs\\Python\\Python312\\Lib\\site-packages\\selenium\\webdriver\\remote\\webelement.py:395: in _execute\n    return self._parent.execute(command, params)\n        command    = 'clickElement'\n        params     = {'id': 'f.BB7AE0BDA99D103FD9D8B2DBFA100DD2.d.B081763199C74E80A2908406B9A5A5A6.e.84'}\n        self       = <selenium.webdriver.remote.webelement.WebElement (session=\"14be0bdbd0d479bc7029dcc12f0f4a76\", element=\"f.BB7AE0BDA99D103FD9D8B2DBFA100DD2.d.B081763199C74E80A2908406B9A5A5A6.e.84\")>\nC:\\Users\\ilme5\\AppData\\Local\\Programs\\Python\\Python312\\Lib\\site-packages\\selenium\\webdriver\\remote\\webdriver.py:354: in execute\n    self.error_handler.check_response(response)\n        driver_command = 'clickElement'\n        params     = {}\n        response   = {'status': 400,\n 'value': '{\"value\":{\"error\":\"element click intercepted\",\"message\":\"element '\n          'click intercepted: Element \\\\u003Cbutton type=\\\\\"button\\\\\" '\n          'class=\\\\\"Modal_modal__close_modified__3V5XS '\n          'Modal_modal__close__TnseK\\\\\">...\\\\u003C/button> is not clickable at '\n          'point (1258, 211). Other element would receive the click: '\n          '\\\\u003Cdiv class=\\\\\"Modal_modal_overlay__x2ZCr\\\\\">\\\\u003C/div>\\\\n  '\n          '(Session info: '\n          'chrome=126.0.6478.127)\",\"stacktrace\":\"\\\\tGetHandleVerifier '\n          '[0x0087C1C3+27395]\\\\n\\\\t(No symbol) [0x00813DC4]\\\\n\\\\t(No symbol) '\n          '[0x00711B7F]\\\\n\\\\t(No symbol) [0x00758C22]\\\\n\\\\t(No symbol) '\n          '[0x00756FA8]\\\\n\\\\t(No symbol) [0x00754E2B]\\\\n\\\\t(No symbol) '\n          '[0x007543D7]\\\\n\\\\t(No symbol) [0x0074918F]\\\\n\\\\t(No symbol) '\n          '[0x0077399C]\\\\n\\\\t(No symbol) [0x00748C15]\\\\n\\\\t(No symbol) '\n          '[0x00773C34]\\\\n\\\\t(No symbol) [0x0078CB24]\\\\n\\\\t(No symbol) '\n          '[0x00773736]\\\\n\\\\t(No symbol) [0x00747541]\\\\n\\\\t(No symbol) '\n          '[0x007480BD]\\\\n\\\\tGetHandleVerifier '\n          '[0x00B33A93+2876371]\\\\n\\\\tGetHandleVerifier '\n          '[0x00B87F5D+3221661]\\\\n\\\\tGetHandleVerifier '\n          '[0x008FD634+556916]\\\\n\\\\tGetHandleVerifier '\n          '[0x0090474C+585868]\\\\n\\\\t(No symbol) [0x0081CE04]\\\\n\\\\t(No symbol) '\n          '[0x00819818]\\\\n\\\\t(No symbol) [0x008199B7]\\\\n\\\\t(No symbol) '\n          '[0x0080BF0E]\\\\n\\\\tBaseThreadInitThunk '\n          '[0x751FFCC9+25]\\\\n\\\\tRtlGetAppContainerNamedObjectPath '\n          '[0x772680CE+286]\\\\n\\\\tRtlGetAppContainerNamedObjectPath '\n          '[0x7726809E+238]\\\\n\"}}'}\n        self       = <selenium.webdriver.chrome.webdriver.WebDriver (session=\"14be0bdbd0d479bc7029dcc12f0f4a76\")>\nC:\\Users\\ilme5\\AppData\\Local\\Programs\\Python\\Python312\\Lib\\site-packages\\selenium\\webdriver\\remote\\errorhandler.py:229: in check_response\n    raise exception_class(message, screen, stacktrace)\nE   selenium.common.exceptions.ElementClickInterceptedException: Message: element click intercepted: Element <button type=\"button\" class=\"Modal_modal__close_modified__3V5XS Modal_modal__close__TnseK\">...</button> is not clickable at point (1258, 211). Other element would receive the click: <div class=\"Modal_modal_overlay__x2ZCr\"></div>\nE     (Session info: chrome=126.0.6478.127)\nE   Stacktrace:\nE   \tGetHandleVerifier [0x0087C1C3+27395]\nE   \t(No symbol) [0x00813DC4]\nE   \t(No symbol) [0x00711B7F]\nE   \t(No symbol) [0x00758C22]\nE   \t(No symbol) [0x00756FA8]\nE   \t(No symbol) [0x00754E2B]\nE   \t(No symbol) [0x007543D7]\nE   \t(No symbol) [0x0074918F]\nE   \t(No symbol) [0x0077399C]\nE   \t(No symbol) [0x00748C15]\nE   \t(No symbol) [0x00773C34]\nE   \t(No symbol) [0x0078CB24]\nE   \t(No symbol) [0x00773736]\nE   \t(No symbol) [0x00747541]\nE   \t(No symbol) [0x007480BD]\nE   \tGetHandleVerifier [0x00B33A93+2876371]\nE   \tGetHandleVerifier [0x00B87F5D+3221661]\nE   \tGetHandleVerifier [0x008FD634+556916]\nE   \tGetHandleVerifier [0x0090474C+585868]\nE   \t(No symbol) [0x0081CE04]\nE   \t(No symbol) [0x00819818]\nE   \t(No symbol) [0x008199B7]\nE   \t(No symbol) [0x0080BF0E]\nE   \tBaseThreadInitThunk [0x751FFCC9+25]\nE   \tRtlGetAppContainerNamedObjectPath [0x772680CE+286]\nE   \tRtlGetAppContainerNamedObjectPath [0x7726809E+238]\n        e          = <selenium.webdriver.remote.errorhandler.ErrorCode object at 0x000001F05B6CB170>\n        error_code = 'ELEMENT_CLICK_INTERCEPTED'\n        error_codes = ['ELEMENT_CLICK_INTERCEPTED',\n 'ELEMENT_IS_NOT_SELECTABLE',\n 'ELEMENT_NOT_INTERACTABLE',\n 'ELEMENT_NOT_VISIBLE',\n 'IME_ENGINE_ACTIVATION_FAILED',\n 'IME_NOT_AVAILABLE',\n 'INSECURE_CERTIFICATE',\n 'INVALID_ARGUMENT',\n 'INVALID_COOKIE_DOMAIN',\n 'INVALID_COORDINATES',\n 'INVALID_ELEMENT_COORDINATES',\n 'INVALID_ELEMENT_STATE',\n 'INVALID_SELECTOR',\n 'INVALID_SESSION_ID',\n 'INVALID_XPATH_SELECTOR',\n 'INVALID_XPATH_SELECTOR_RETURN_TYPER',\n 'JAVASCRIPT_ERROR',\n 'METHOD_NOT_ALLOWED',\n 'MOVE_TARGET_OUT_OF_BOUNDS',\n 'NO_ALERT_OPEN',\n 'NO_SUCH_COOKIE',\n 'NO_SUCH_ELEMENT',\n 'NO_SUCH_FRAME',\n 'NO_SUCH_SHADOW_ROOT',\n 'NO_SUCH_WINDOW',\n 'SCRIPT_TIMEOUT',\n 'SESSION_NOT_CREATED',\n 'STALE_ELEMENT_REFERENCE',\n 'SUCCESS',\n 'TIMEOUT',\n 'UNABLE_TO_CAPTURE_SCREEN',\n 'UNABLE_TO_SET_COOKIE',\n 'UNEXPECTED_ALERT_OPEN',\n 'UNKNOWN_COMMAND',\n 'UNKNOWN_ERROR',\n 'UNKNOWN_METHOD',\n 'XPATH_LOOKUP_ERROR']\n        error_info = [64, 'element click intercepted']\n        exception_class = <class 'selenium.common.exceptions.ElementClickInterceptedException'>\n        json       = <module 'json' from 'C:\\\\Users\\\\ilme5\\\\AppData\\\\Local\\\\Programs\\\\Python\\\\Python312\\\\Lib\\\\json\\\\__init__.py'>\n        message    = ('element click intercepted: Element <button type=\"button\" '\n 'class=\"Modal_modal__close_modified__3V5XS '\n 'Modal_modal__close__TnseK\">...</button> is not clickable at point (1258, '\n '211). Other element would receive the click: <div '\n 'class=\"Modal_modal_overlay__x2ZCr\"></div>\\n'\n '  (Session info: chrome=126.0.6478.127)')\n        response   = {'status': 400,\n 'value': '{\"value\":{\"error\":\"element click intercepted\",\"message\":\"element '\n          'click intercepted: Element \\\\u003Cbutton type=\\\\\"button\\\\\" '\n          'class=\\\\\"Modal_modal__close_modified__3V5XS '\n          'Modal_modal__close__TnseK\\\\\">...\\\\u003C/button> is not clickable at '\n          'point (1258, 211). Other element would receive the click: '\n          '\\\\u003Cdiv class=\\\\\"Modal_modal_overlay__x2ZCr\\\\\">\\\\u003C/div>\\\\n  '\n          '(Session info: '\n          'chrome=126.0.6478.127)\",\"stacktrace\":\"\\\\tGetHandleVerifier '\n          '[0x0087C1C3+27395]\\\\n\\\\t(No symbol) [0x00813DC4]\\\\n\\\\t(No symbol) '\n          '[0x00711B7F]\\\\n\\\\t(No symbol) [0x00758C22]\\\\n\\\\t(No symbol) '\n          '[0x00756FA8]\\\\n\\\\t(No symbol) [0x00754E2B]\\\\n\\\\t(No symbol) '\n          '[0x007543D7]\\\\n\\\\t(No symbol) [0x0074918F]\\\\n\\\\t(No symbol) '\n          '[0x0077399C]\\\\n\\\\t(No symbol) [0x00748C15]\\\\n\\\\t(No symbol) '\n          '[0x00773C34]\\\\n\\\\t(No symbol) [0x0078CB24]\\\\n\\\\t(No symbol) '\n          '[0x00773736]\\\\n\\\\t(No symbol) [0x00747541]\\\\n\\\\t(No symbol) '\n          '[0x007480BD]\\\\n\\\\tGetHandleVerifier '\n          '[0x00B33A93+2876371]\\\\n\\\\tGetHandleVerifier '\n          '[0x00B87F5D+3221661]\\\\n\\\\tGetHandleVerifier '\n          '[0x008FD634+556916]\\\\n\\\\tGetHandleVerifier '\n          '[0x0090474C+585868]\\\\n\\\\t(No symbol) [0x0081CE04]\\\\n\\\\t(No symbol) '\n          '[0x00819818]\\\\n\\\\t(No symbol) [0x008199B7]\\\\n\\\\t(No symbol) '\n          '[0x0080BF0E]\\\\n\\\\tBaseThreadInitThunk '\n          '[0x751FFCC9+25]\\\\n\\\\tRtlGetAppContainerNamedObjectPath '\n          '[0x772680CE+286]\\\\n\\\\tRtlGetAppContainerNamedObjectPath '\n          '[0x7726809E+238]\\\\n\"}}'}\n        screen     = None\n        self       = <selenium.webdriver.remote.errorhandler.ErrorHandler object at 0x000001F05BF9DDF0>\n        st_value   = ('\\tGetHandleVerifier [0x0087C1C3+27395]\\n'\n '\\t(No symbol) [0x00813DC4]\\n'\n '\\t(No symbol) [0x00711B7F]\\n'\n '\\t(No symbol) [0x00758C22]\\n'\n '\\t(No symbol) [0x00756FA8]\\n'\n '\\t(No symbol) [0x00754E2B]\\n'\n '\\t(No symbol) [0x007543D7]\\n'\n '\\t(No symbol) [0x0074918F]\\n'\n '\\t(No symbol) [0x0077399C]\\n'\n '\\t(No symbol) [0x00748C15]\\n'\n '\\t(No symbol) [0x00773C34]\\n'\n '\\t(No symbol) [0x0078CB24]\\n'\n '\\t(No symbol) [0x00773736]\\n'\n '\\t(No symbol) [0x00747541]\\n'\n '\\t(No symbol) [0x007480BD]\\n'\n '\\tGetHandleVerifier [0x00B33A93+2876371]\\n'\n '\\tGetHandleVerifier [0x00B87F5D+3221661]\\n'\n '\\tGetHandleVerifier [0x008FD634+556916]\\n'\n '\\tGetHandleVerifier [0x0090474C+585868]\\n'\n '\\t(No symbol) [0x0081CE04]\\n'\n '\\t(No symbol) [0x00819818]\\n'\n '\\t(No symbol) [0x008199B7]\\n'\n '\\t(No symbol) [0x0080BF0E]\\n'\n '\\tBaseThreadInitThunk [0x751FFCC9+25]\\n'\n '\\tRtlGetAppContainerNamedObjectPath [0x772680CE+286]\\n'\n '\\tRtlGetAppContainerNamedObjectPath [0x7726809E+238]\\n')\n        stacktrace = ['\\tGetHandleVerifier [0x0087C1C3+27395]',\n '\\t(No symbol) [0x00813DC4]',\n '\\t(No symbol) [0x00711B7F]',\n '\\t(No symbol) [0x00758C22]',\n '\\t(No symbol) [0x00756FA8]',\n '\\t(No symbol) [0x00754E2B]',\n '\\t(No symbol) [0x007543D7]',\n '\\t(No symbol) [0x0074918F]',\n '\\t(No symbol) [0x0077399C]',\n '\\t(No symbol) [0x00748C15]',\n '\\t(No symbol) [0x00773C34]',\n '\\t(No symbol) [0x0078CB24]',\n '\\t(No symbol) [0x00773736]',\n '\\t(No symbol) [0x00747541]',\n '\\t(No symbol) [0x007480BD]',\n '\\tGetHandleVerifier [0x00B33A93+2876371]',\n '\\tGetHandleVerifier [0x00B87F5D+3221661]',\n '\\tGetHandleVerifier [0x008FD634+556916]',\n '\\tGetHandleVerifier [0x0090474C+585868]',\n '\\t(No symbol) [0x0081CE04]',\n '\\t(No symbol) [0x00819818]',\n '\\t(No symbol) [0x008199B7]',\n '\\t(No symbol) [0x0080BF0E]',\n '\\tBaseThreadInitThunk [0x751FFCC9+25]',\n '\\tRtlGetAppContainerNamedObjectPath [0x772680CE+286]',\n '\\tRtlGetAppContainerNamedObjectPath [0x7726809E+238]',\n '']\n        status     = 'element click intercepted'\n        value      = {'error': 'element click intercepted',\n 'message': 'element click intercepted: Element <button type=\"button\" '\n            'class=\"Modal_modal__close_modified__3V5XS '\n            'Modal_modal__close__TnseK\">...</button> is not clickable at point '\n            '(1258, 211). Other element would receive the click: <div '\n            'class=\"Modal_modal_overlay__x2ZCr\"></div>\\n'\n            '  (Session info: chrome=126.0.6478.127)',\n 'stacktrace': '\\tGetHandleVerifier [0x0087C1C3+27395]\\n'\n               '\\t(No symbol) [0x00813DC4]\\n'\n               '\\t(No symbol) [0x00711B7F]\\n'\n               '\\t(No symbol) [0x00758C22]\\n'\n               '\\t(No symbol) [0x00756FA8]\\n'\n               '\\t(No symbol) [0x00754E2B]\\n'\n               '\\t(No symbol) [0x007543D7]\\n'\n               '\\t(No symbol) [0x0074918F]\\n'\n               '\\t(No symbol) [0x0077399C]\\n'\n               '\\t(No symbol) [0x00748C15]\\n'\n               '\\t(No symbol) [0x00773C34]\\n'\n               '\\t(No symbol) [0x0078CB24]\\n'\n               '\\t(No symbol) [0x00773736]\\n'\n               '\\t(No symbol) [0x00747541]\\n'\n               '\\t(No symbol) [0x007480BD]\\n'\n               '\\tGetHandleVerifier [0x00B33A93+2876371]\\n'\n               '\\tGetHandleVerifier [0x00B87F5D+3221661]\\n'\n               '\\tGetHandleVerifier [0x008FD634+556916]\\n'\n               '\\tGetHandleVerifier [0x0090474C+585868]\\n'\n               '\\t(No symbol) [0x0081CE04]\\n'\n               '\\t(No symbol) [0x00819818]\\n'\n               '\\t(No symbol) [0x008199B7]\\n'\n               '\\t(No symbol) [0x0080BF0E]\\n'\n               '\\tBaseThreadInitThunk [0x751FFCC9+25]\\n'\n               '\\tRtlGetAppContainerNamedObjectPath [0x772680CE+286]\\n'\n               '\\tRtlGetAppContainerNamedObjectPath [0x7726809E+238]\\n'}\n        value_json = ('{\"value\":{\"error\":\"element click intercepted\",\"message\":\"element click '\n 'intercepted: Element \\\\u003Cbutton type=\\\\\"button\\\\\" '\n 'class=\\\\\"Modal_modal__close_modified__3V5XS '\n 'Modal_modal__close__TnseK\\\\\">...\\\\u003C/button> is not clickable at point '\n '(1258, 211). Other element would receive the click: \\\\u003Cdiv '\n 'class=\\\\\"Modal_modal_overlay__x2ZCr\\\\\">\\\\u003C/div>\\\\n  (Session info: '\n 'chrome=126.0.6478.127)\",\"stacktrace\":\"\\\\tGetHandleVerifier '\n '[0x0087C1C3+27395]\\\\n\\\\t(No symbol) [0x00813DC4]\\\\n\\\\t(No symbol) '\n '[0x00711B7F]\\\\n\\\\t(No symbol) [0x00758C22]\\\\n\\\\t(No symbol) '\n '[0x00756FA8]\\\\n\\\\t(No symbol) [0x00754E2B]\\\\n\\\\t(No symbol) '\n '[0x007543D7]\\\\n\\\\t(No symbol) [0x0074918F]\\\\n\\\\t(No symbol) '\n '[0x0077399C]\\\\n\\\\t(No symbol) [0x00748C15]\\\\n\\\\t(No symbol) '\n '[0x00773C34]\\\\n\\\\t(No symbol) [0x0078CB24]\\\\n\\\\t(No symbol) '\n '[0x00773736]\\\\n\\\\t(No symbol) [0x00747541]\\\\n\\\\t(No symbol) '\n '[0x007480BD]\\\\n\\\\tGetHandleVerifier '\n '[0x00B33A93+2876371]\\\\n\\\\tGetHandleVerifier '\n '[0x00B87F5D+3221661]\\\\n\\\\tGetHandleVerifier '\n '[0x008FD634+556916]\\\\n\\\\tGetHandleVerifier [0x0090474C+585868]\\\\n\\\\t(No '\n 'symbol) [0x0081CE04]\\\\n\\\\t(No symbol) [0x00819818]\\\\n\\\\t(No symbol) '\n '[0x008199B7]\\\\n\\\\t(No symbol) [0x0080BF0E]\\\\n\\\\tBaseThreadInitThunk '\n '[0x751FFCC9+25]\\\\n\\\\tRtlGetAppContainerNamedObjectPath '\n '[0x772680CE+286]\\\\n\\\\tRtlGetAppContainerNamedObjectPath '\n '[0x7726809E+238]\\\\n\"}}')"}, "description": "Проверка что после оформления заказа его номер появляется в разделе В работе", "steps": [{"name": "Добавление ингредиента в заказ", "status": "passed", "start": 1719842569923, "stop": 1719842571003}, {"name": "Нажатие на кнопку \"Оформить заказ\"", "status": "passed", "start": 1719842571003, "stop": 1719842571045}, {"name": "Получение номера заказа в всплывающем окне после оформления заказа", "status": "passed", "start": 1719842571045, "stop": 1719842571062}, {"name": "Закрытие всплывающего окно с деталями об ингредиенте", "status": "broken", "statusDetails": {"message": "selenium.common.exceptions.ElementClickInterceptedException: Message: element click intercepted: Element <button type=\"button\" class=\"Modal_modal__close_modified__3V5XS Modal_modal__close__TnseK\">...</button> is not clickable at point (1258, 211). Other element would receive the click: <div class=\"Modal_modal_overlay__x2ZCr\"></div>\n  (Session info: chrome=126.0.6478.127)\nStacktrace:\n\tGetHandleVerifier [0x0087C1C3+27395]\n\t(No symbol) [0x00813DC4]\n\t(No symbol) [0x00711B7F]\n\t(No symbol) [0x00758C22]\n\t(No symbol) [0x00756FA8]\n\t(No symbol) [0x00754E2B]\n\t(No symbol) [0x007543D7]\n\t(No symbol) [0x0074918F]\n\t(No symbol) [0x0077399C]\n\t(No symbol) [0x00748C15]\n\t(No symbol) [0x00773C34]\n\t(No symbol) [0x0078CB24]\n\t(No symbol) [0x00773736]\n\t(No symbol) [0x00747541]\n\t(No symbol) [0x007480BD]\n\tGetHandleVerifier [0x00B33A93+2876371]\n\tGetHandleVerifier [0x00B87F5D+3221661]\n\tGetHandleVerifier [0x008FD634+556916]\n\tGetHandleVerifier [0x0090474C+585868]\n\t(No symbol) [0x0081CE04]\n\t(No symbol) [0x00819818]\n\t(No symbol) [0x008199B7]\n\t(No symbol) [0x0080BF0E]\n\tBaseThreadInitThunk [0x751FFCC9+25]\n\tRtlGetAppContainerNamedObjectPath [0x772680CE+286]\n\tRtlGetAppContainerNamedObjectPath [0x7726809E+238]\n\n", "trace": "  File \"C:\\Users\\ilme5\\AppData\\Local\\Programs\\Python\\Python312\\Lib\\site-packages\\allure_commons\\_allure.py\", line 192, in impl\n    return func(*a, **kw)\n           ^^^^^^^^^^^^^^\n  File \"C:\\Users\\ilme5\\OneDrive\\Рабочий стол\\учеба\\автоматизация\\Diplom\\Diplom_3\\pages\\main_page.py\", line 37, in close_details_window\n    self.click_on_element(MainPageLocators.CLOSE_BUTTON)\n  File \"C:\\Users\\ilme5\\OneDrive\\Рабочий стол\\учеба\\автоматизация\\Diplom\\Diplom_3\\pages\\base_page.py\", line 17, in click_on_element\n    self.driver.find_element(*locator).click()\n  File \"C:\\Users\\ilme5\\AppData\\Local\\Programs\\Python\\Python312\\Lib\\site-packages\\selenium\\webdriver\\remote\\webelement.py\", line 94, in click\n    self._execute(Command.CLICK_ELEMENT)\n  File \"C:\\Users\\ilme5\\AppData\\Local\\Programs\\Python\\Python312\\Lib\\site-packages\\selenium\\webdriver\\remote\\webelement.py\", line 395, in _execute\n    return self._parent.execute(command, params)\n           ^^^^^^^^^^^^^^^^^^^^^^^^^^^^^^^^^^^^^\n  File \"C:\\Users\\ilme5\\AppData\\Local\\Programs\\Python\\Python312\\Lib\\site-packages\\selenium\\webdriver\\remote\\webdriver.py\", line 354, in execute\n    self.error_handler.check_response(response)\n  File \"C:\\Users\\ilme5\\AppData\\Local\\Programs\\Python\\Python312\\Lib\\site-packages\\selenium\\webdriver\\remote\\errorhandler.py\", line 229, in check_response\n    raise exception_class(message, screen, stacktrace)\n"}, "start": 1719842571062, "stop": 1719842572156}], "attachments": [{"name": "log", "source": "fafd8bf9-549e-429a-b87d-2f4a4a3ce3a4-attachment.txt", "type": "text/plain"}], "parameters": [{"name": "driver", "value": "'chrome'"}], "start": 1719842569923, "stop": 1719842572157, "uuid": "b49ac5fd-0322-4503-95ca-9ec86bd88947", "historyId": "bb102df542c44b33de5170d9198c4dff", "testCaseId": "81eb7fa9d6a21190c264dc92f3c40297", "fullName": "tests.test_order_page.TestOrderFeed#test_order_number_in_section_in_work", "labels": [{"name": "parentSuite", "value": "tests"}, {"name": "suite", "value": "test_order_page"}, {"name": "subSuite", "value": "TestOrderFeed"}, {"name": "host", "value": "DESKTOP-8VJF26I"}, {"name": "thread", "value": "16068-MainThread"}, {"name": "framework", "value": "pytest"}, {"name": "language", "value": "cpython3"}, {"name": "package", "value": "tests.test_order_page"}]}